# JRE version: OpenJDK Runtime Environment (21.0.8) (build 21.0.8+-14018985-b1038.68)
# Java VM: OpenJDK 64-Bit Server VM (21.0.8+-14018985-b1038.68, mixed mode, tiered, compressed oops, compressed class ptrs, g1 gc, windows-amd64)
GC Precious Log:
 CardTable entry size: 512
 Card Set container configuration: InlinePtr #cards 4 size 8 Array Of Cards #cards 32 size 80 Howl #buckets 8 coarsen threshold 7372 Howl Bitmap #cards 1024 size 144 coarsen threshold 921 Card regions per heap region 1 cards per card region 8192
 CPUs: 8 total, 8 available
 Memory: 7959M
 Large Page Support: Disabled
 NUMA Support: Disabled
 Compressed Oops: Enabled (Zero based)
 Heap Region Size: 4M
 Heap Min Capacity: 8M
 Heap Initial Capacity: 128M
 Heap Max Capacity: 8G
 Pre-touch: Disabled
 Parallel Workers: 8
 Concurrent Workers: 2
 Concurrent Refinement Workers: 8
 Periodic GC: Disabled
Heap:
 garbage-first heap   total 712704K, used 177620K [0x0000000600000000, 0x0000000800000000)
  region size 4096K, 5 young (20480K), 5 survivors (20480K)
 Metaspace       used 150556K, committed 152640K, reserved 1245184K
  class space    used 19200K, committed 20224K, reserved 1048576K
GC Heap History (20 events):
Event: 88.631 GC heap after
{Heap after GC invocations=101 (full 0):
 garbage-first heap   total 532480K, used 112850K [0x0000000600000000, 0x0000000800000000)
  region size 4096K, 5 young (20480K), 5 survivors (20480K)
 Metaspace       used 145362K, committed 147456K, reserved 1179648K
  class space    used 18611K, committed 19648K, reserved 1048576K
}
Event: 96.567 GC heap before
{Heap before GC invocations=101 (full 0):
 garbage-first heap   total 532480K, used 415954K [0x0000000600000000, 0x0000000800000000)
  region size 4096K, 78 young (319488K), 5 survivors (20480K)
 Metaspace       used 149059K, committed 151104K, reserved 1245184K
  class space    used 19080K, committed 20096K, reserved 1048576K
}
Event: 96.594 GC heap after
{Heap after GC invocations=102 (full 0):
 garbage-first heap   total 532480K, used 149842K [0x0000000600000000, 0x0000000800000000)
  region size 4096K, 10 young (40960K), 10 survivors (40960K)
 Metaspace       used 149059K, committed 151104K, reserved 1245184K
  class space    used 19080K, committed 20096K, reserved 1048576K
}
Event: 96.888 GC heap before
{Heap before GC invocations=102 (full 0):
 garbage-first heap   total 532480K, used 424274K [0x0000000600000000, 0x0000000800000000)
  region size 4096K, 78 young (319488K), 10 survivors (40960K)
 Metaspace       used 150074K, committed 152128K, reserved 1245184K
  class space    used 19187K, committed 20224K, reserved 1048576K
}
Event: 96.914 GC heap after
{Heap after GC invocations=103 (full 0):
 garbage-first heap   total 532480K, used 159470K [0x0000000600000000, 0x0000000800000000)
  region size 4096K, 2 young (8192K), 2 survivors (8192K)
 Metaspace       used 150074K, committed 152128K, reserved 1245184K
  class space    used 19187K, committed 20224K, reserved 1048576K
}
Event: 97.253 GC heap before
{Heap before GC invocations=103 (full 0):
 garbage-first heap   total 532480K, used 466670K [0x0000000600000000, 0x0000000800000000)
  region size 4096K, 79 young (323584K), 2 survivors (8192K)
 Metaspace       used 150344K, committed 152384K, reserved 1245184K
  class space    used 19196K, committed 20224K, reserved 1048576K
}
Event: 97.262 GC heap after
{Heap after GC invocations=104 (full 0):
 garbage-first heap   total 532480K, used 168970K [0x0000000600000000, 0x0000000800000000)
  region size 4096K, 5 young (20480K), 5 survivors (20480K)
 Metaspace       used 150344K, committed 152384K, reserved 1245184K
  class space    used 19196K, committed 20224K, reserved 1048576K
}
Event: 97.581 GC heap before
{Heap before GC invocations=104 (full 0):
 garbage-first heap   total 532480K, used 467978K [0x0000000600000000, 0x0000000800000000)
  region size 4096K, 78 young (319488K), 5 survivors (20480K)
 Metaspace       used 150472K, committed 152512K, reserved 1245184K
  class space    used 19198K, committed 20224K, reserved 1048576K
}
Event: 97.596 GC heap after
{Heap after GC invocations=105 (full 0):
 garbage-first heap   total 712704K, used 180874K [0x0000000600000000, 0x0000000800000000)
  region size 4096K, 8 young (32768K), 8 survivors (32768K)
 Metaspace       used 150472K, committed 152512K, reserved 1245184K
  class space    used 19198K, committed 20224K, reserved 1048576K
}
Event: 98.012 GC heap before
{Heap before GC invocations=106 (full 0):
 garbage-first heap   total 614400K, used 512650K [0x0000000600000000, 0x0000000800000000)
  region size 4096K, 90 young (368640K), 8 survivors (32768K)
 Metaspace       used 150527K, committed 152576K, reserved 1245184K
  class space    used 19198K, committed 20224K, reserved 1048576K
}
Event: 98.023 GC heap after
{Heap after GC invocations=107 (full 0):
 garbage-first heap   total 614400K, used 173112K [0x0000000600000000, 0x0000000800000000)
  region size 4096K, 5 young (20480K), 5 survivors (20480K)
 Metaspace       used 150527K, committed 152576K, reserved 1245184K
  class space    used 19198K, committed 20224K, reserved 1048576K
}
Event: 98.321 GC heap before
{Heap before GC invocations=107 (full 0):
 garbage-first heap   total 614400K, used 517176K [0x0000000600000000, 0x0000000800000000)
  region size 4096K, 91 young (372736K), 5 survivors (20480K)
 Metaspace       used 150544K, committed 152576K, reserved 1245184K
  class space    used 19198K, committed 20224K, reserved 1048576K
}
Event: 98.335 GC heap after
{Heap after GC invocations=108 (full 0):
 garbage-first heap   total 614400K, used 176613K [0x0000000600000000, 0x0000000800000000)
  region size 4096K, 7 young (28672K), 7 survivors (28672K)
 Metaspace       used 150544K, committed 152576K, reserved 1245184K
  class space    used 19198K, committed 20224K, reserved 1048576K
}
Event: 98.637 GC heap before
{Heap before GC invocations=108 (full 0):
 garbage-first heap   total 614400K, used 512485K [0x0000000600000000, 0x0000000800000000)
  region size 4096K, 90 young (368640K), 7 survivors (28672K)
 Metaspace       used 150554K, committed 152576K, reserved 1245184K
  class space    used 19198K, committed 20224K, reserved 1048576K
}
Event: 98.650 GC heap after
{Heap after GC invocations=109 (full 0):
 garbage-first heap   total 614400K, used 173886K [0x0000000600000000, 0x0000000800000000)
  region size 4096K, 6 young (24576K), 6 survivors (24576K)
 Metaspace       used 150554K, committed 152576K, reserved 1245184K
  class space    used 19198K, committed 20224K, reserved 1048576K
}
Event: 99.091 GC heap before
{Heap before GC invocations=110 (full 0):
 garbage-first heap   total 589824K, used 501566K [0x0000000600000000, 0x0000000800000000)
  region size 4096K, 86 young (352256K), 6 survivors (24576K)
 Metaspace       used 150555K, committed 152640K, reserved 1245184K
  class space    used 19200K, committed 20224K, reserved 1048576K
}
Event: 99.103 GC heap after
{Heap after GC invocations=111 (full 0):
 garbage-first heap   total 589824K, used 175807K [0x0000000600000000, 0x0000000800000000)
  region size 4096K, 6 young (24576K), 6 survivors (24576K)
 Metaspace       used 150555K, committed 152640K, reserved 1245184K
  class space    used 19200K, committed 20224K, reserved 1048576K
}
Event: 99.431 GC heap before
{Heap before GC invocations=111 (full 0):
 garbage-first heap   total 589824K, used 499391K [0x0000000600000000, 0x0000000800000000)
  region size 4096K, 86 young (352256K), 6 survivors (24576K)
 Metaspace       used 150556K, committed 152640K, reserved 1245184K
  class space    used 19200K, committed 20224K, reserved 1048576K
}
Event: 99.452 GC heap after
{Heap after GC invocations=112 (full 0):
 garbage-first heap   total 589824K, used 176549K [0x0000000600000000, 0x0000000800000000)
  region size 4096K, 5 young (20480K), 5 survivors (20480K)
 Metaspace       used 150556K, committed 152640K, reserved 1245184K
  class space    used 19200K, committed 20224K, reserved 1048576K
}
Event: 99.730 GC heap before
{Heap before GC invocations=112 (full 0):
 garbage-first heap   total 589824K, used 508325K [0x0000000600000000, 0x0000000800000000)
  region size 4096K, 87 young (356352K), 5 survivors (20480K)
 Metaspace       used 150556K, committed 152640K, reserved 1245184K
  class space    used 19200K, committed 20224K, reserved 1048576K
}

