# JRE version: OpenJDK Runtime Environment (21.0.8) (build 21.0.8+-14018985-b1038.68)
# Java VM: OpenJDK 64-Bit Server VM (21.0.8+-14018985-b1038.68, mixed mode, tiered, compressed oops, compressed class ptrs, g1 gc, windows-amd64)
GC Precious Log:
 CardTable entry size: 512
 Card Set container configuration: InlinePtr #cards 4 size 8 Array Of Cards #cards 32 size 80 Howl #buckets 8 coarsen threshold 7372 Howl Bitmap #cards 1024 size 144 coarsen threshold 921 Card regions per heap region 1 cards per card region 8192
 CPUs: 8 total, 8 available
 Memory: 7959M
 Large Page Support: Disabled
 NUMA Support: Disabled
 Compressed Oops: Enabled (Zero based)
 Heap Region Size: 4M
 Heap Min Capacity: 8M
 Heap Initial Capacity: 128M
 Heap Max Capacity: 8G
 Pre-touch: Disabled
 Parallel Workers: 8
 Concurrent Workers: 2
 Concurrent Refinement Workers: 8
 Periodic GC: Disabled
Heap:
 garbage-first heap   total 782336K, used 257268K [0x0000000600000000, 0x0000000800000000)
  region size 4096K, 7 young (28672K), 7 survivors (28672K)
 Metaspace       used 139506K, committed 141952K, reserved 1179648K
  class space    used 19409K, committed 20544K, reserved 1048576K
GC Heap History (20 events):
Event: 117.339 GC heap after
{Heap after GC invocations=82 (full 0):
 garbage-first heap   total 581632K, used 208267K [0x0000000600000000, 0x0000000800000000)
  region size 4096K, 4 young (16384K), 4 survivors (16384K)
 Metaspace       used 138518K, committed 140864K, reserved 1179648K
  class space    used 19381K, committed 20480K, reserved 1048576K
}
Event: 120.826 GC heap before
{Heap before GC invocations=82 (full 0):
 garbage-first heap   total 581632K, used 527755K [0x0000000600000000, 0x0000000800000000)
  region size 4096K, 82 young (335872K), 4 survivors (16384K)
 Metaspace       used 138532K, committed 140864K, reserved 1179648K
  class space    used 19381K, committed 20480K, reserved 1048576K
}
Event: 120.853 GC heap after
{Heap after GC invocations=83 (full 0):
 garbage-first heap   total 581632K, used 205236K [0x0000000600000000, 0x0000000800000000)
  region size 4096K, 3 young (12288K), 3 survivors (12288K)
 Metaspace       used 138532K, committed 140864K, reserved 1179648K
  class space    used 19381K, committed 20480K, reserved 1048576K
}
Event: 142.955 GC heap before
{Heap before GC invocations=83 (full 0):
 garbage-first heap   total 581632K, used 532916K [0x0000000600000000, 0x0000000800000000)
  region size 4096K, 83 young (339968K), 3 survivors (12288K)
 Metaspace       used 139464K, committed 141760K, reserved 1179648K
  class space    used 19418K, committed 20480K, reserved 1048576K
}
Event: 142.992 GC heap after
{Heap after GC invocations=84 (full 0):
 garbage-first heap   total 581632K, used 216260K [0x0000000600000000, 0x0000000800000000)
  region size 4096K, 6 young (24576K), 6 survivors (24576K)
 Metaspace       used 139464K, committed 141760K, reserved 1179648K
  class space    used 19418K, committed 20480K, reserved 1048576K
}
Event: 156.285 GC heap before
{Heap before GC invocations=85 (full 0):
 garbage-first heap   total 581632K, used 515268K [0x0000000600000000, 0x0000000800000000)
  region size 4096K, 81 young (331776K), 6 survivors (24576K)
 Metaspace       used 139501K, committed 141824K, reserved 1179648K
  class space    used 19421K, committed 20480K, reserved 1048576K
}
Event: 156.324 GC heap after
{Heap after GC invocations=86 (full 0):
 garbage-first heap   total 581632K, used 228831K [0x0000000600000000, 0x0000000800000000)
  region size 4096K, 9 young (36864K), 9 survivors (36864K)
 Metaspace       used 139501K, committed 141824K, reserved 1179648K
  class space    used 19421K, committed 20480K, reserved 1048576K
}
Event: 156.997 GC heap before
{Heap before GC invocations=86 (full 0):
 garbage-first heap   total 581632K, used 503263K [0x0000000600000000, 0x0000000800000000)
  region size 4096K, 77 young (315392K), 9 survivors (36864K)
 Metaspace       used 139511K, committed 141824K, reserved 1179648K
  class space    used 19423K, committed 20480K, reserved 1048576K
}
Event: 157.045 GC heap after
{Heap after GC invocations=87 (full 0):
 garbage-first heap   total 581632K, used 235119K [0x0000000600000000, 0x0000000800000000)
  region size 4096K, 5 young (20480K), 5 survivors (20480K)
 Metaspace       used 139511K, committed 141824K, reserved 1179648K
  class space    used 19423K, committed 20480K, reserved 1048576K
}
Event: 158.408 GC heap before
{Heap before GC invocations=87 (full 0):
 garbage-first heap   total 581632K, used 525935K [0x0000000600000000, 0x0000000800000000)
  region size 4096K, 76 young (311296K), 5 survivors (20480K)
 Metaspace       used 139529K, committed 141952K, reserved 1179648K
  class space    used 19424K, committed 20544K, reserved 1048576K
}
Event: 158.449 GC heap after
{Heap after GC invocations=88 (full 0):
 garbage-first heap   total 782336K, used 249130K [0x0000000600000000, 0x0000000800000000)
  region size 4096K, 9 young (36864K), 9 survivors (36864K)
 Metaspace       used 139529K, committed 141952K, reserved 1179648K
  class space    used 19424K, committed 20544K, reserved 1048576K
}
Event: 159.919 GC heap before
{Heap before GC invocations=89 (full 0):
 garbage-first heap   total 782336K, used 675114K [0x0000000600000000, 0x0000000800000000)
  region size 4096K, 114 young (466944K), 9 survivors (36864K)
 Metaspace       used 139485K, committed 141952K, reserved 1179648K
  class space    used 19409K, committed 20544K, reserved 1048576K
}
Event: 159.958 GC heap after
{Heap after GC invocations=90 (full 0):
 garbage-first heap   total 782336K, used 252731K [0x0000000600000000, 0x0000000800000000)
  region size 4096K, 8 young (32768K), 8 survivors (32768K)
 Metaspace       used 139485K, committed 141952K, reserved 1179648K
  class space    used 19409K, committed 20544K, reserved 1048576K
}
Event: 161.011 GC heap before
{Heap before GC invocations=90 (full 0):
 garbage-first heap   total 782336K, used 686907K [0x0000000600000000, 0x0000000800000000)
  region size 4096K, 114 young (466944K), 8 survivors (32768K)
 Metaspace       used 139490K, committed 141952K, reserved 1179648K
  class space    used 19409K, committed 20544K, reserved 1048576K
}
Event: 161.058 GC heap after
{Heap after GC invocations=91 (full 0):
 garbage-first heap   total 782336K, used 255779K [0x0000000600000000, 0x0000000800000000)
  region size 4096K, 8 young (32768K), 8 survivors (32768K)
 Metaspace       used 139490K, committed 141952K, reserved 1179648K
  class space    used 19409K, committed 20544K, reserved 1048576K
}
Event: 161.906 GC heap before
{Heap before GC invocations=91 (full 0):
 garbage-first heap   total 782336K, used 685859K [0x0000000600000000, 0x0000000800000000)
  region size 4096K, 114 young (466944K), 8 survivors (32768K)
 Metaspace       used 139492K, committed 141952K, reserved 1179648K
  class space    used 19409K, committed 20544K, reserved 1048576K
}
Event: 161.941 GC heap after
{Heap after GC invocations=92 (full 0):
 garbage-first heap   total 782336K, used 257825K [0x0000000600000000, 0x0000000800000000)
  region size 4096K, 9 young (36864K), 9 survivors (36864K)
 Metaspace       used 139492K, committed 141952K, reserved 1179648K
  class space    used 19409K, committed 20544K, reserved 1048576K
}
Event: 162.830 GC heap before
{Heap before GC invocations=92 (full 0):
 garbage-first heap   total 782336K, used 687905K [0x0000000600000000, 0x0000000800000000)
  region size 4096K, 114 young (466944K), 9 survivors (36864K)
 Metaspace       used 139500K, committed 141952K, reserved 1179648K
  class space    used 19409K, committed 20544K, reserved 1048576K
}
Event: 162.872 GC heap after
{Heap after GC invocations=93 (full 0):
 garbage-first heap   total 782336K, used 260838K [0x0000000600000000, 0x0000000800000000)
  region size 4096K, 8 young (32768K), 8 survivors (32768K)
 Metaspace       used 139500K, committed 141952K, reserved 1179648K
  class space    used 19409K, committed 20544K, reserved 1048576K
}
Event: 164.827 GC heap before
{Heap before GC invocations=93 (full 0):
 garbage-first heap   total 782336K, used 690918K [0x0000000600000000, 0x0000000800000000)
  region size 4096K, 114 young (466944K), 8 survivors (32768K)
 Metaspace       used 139506K, committed 141952K, reserved 1179648K
  class space    used 19409K, committed 20544K, reserved 1048576K
}

