# JRE version: OpenJDK Runtime Environment (21.0.8) (build 21.0.8+-14018985-b1038.68)
# Java VM: OpenJDK 64-Bit Server VM (21.0.8+-14018985-b1038.68, mixed mode, tiered, compressed oops, compressed class ptrs, g1 gc, windows-amd64)
GC Precious Log:
 CardTable entry size: 512
 Card Set container configuration: InlinePtr #cards 4 size 8 Array Of Cards #cards 32 size 80 Howl #buckets 8 coarsen threshold 7372 Howl Bitmap #cards 1024 size 144 coarsen threshold 921 Card regions per heap region 1 cards per card region 8192
 CPUs: 8 total, 8 available
 Memory: 7959M
 Large Page Support: Disabled
 NUMA Support: Disabled
 Compressed Oops: Enabled (Zero based)
 Heap Region Size: 4M
 Heap Min Capacity: 8M
 Heap Initial Capacity: 128M
 Heap Max Capacity: 8G
 Pre-touch: Disabled
 Parallel Workers: 8
 Concurrent Workers: 2
 Concurrent Refinement Workers: 8
 Periodic GC: Disabled
Heap:
 garbage-first heap   total 1388544K, used 381489K [0x0000000600000000, 0x0000000800000000)
  region size 4096K, 9 young (36864K), 9 survivors (36864K)
 Metaspace       used 215821K, committed 218560K, reserved 1245184K
  class space    used 27686K, committed 28992K, reserved 1048576K
GC Heap History (20 events):
Event: 203.021 GC heap after
{Heap after GC invocations=131 (full 0):
 garbage-first heap   total 1388544K, used 377433K [0x0000000600000000, 0x0000000800000000)
  region size 4096K, 23 young (94208K), 23 survivors (94208K)
 Metaspace       used 195331K, committed 197888K, reserved 1245184K
  class space    used 24812K, committed 26048K, reserved 1048576K
}
Event: 205.003 GC heap before
{Heap before GC invocations=131 (full 0):
 garbage-first heap   total 1388544K, used 549465K [0x0000000600000000, 0x0000000800000000)
  region size 4096K, 66 young (270336K), 23 survivors (94208K)
 Metaspace       used 196578K, committed 199104K, reserved 1245184K
  class space    used 24884K, committed 26112K, reserved 1048576K
}
Event: 205.050 GC heap after
{Heap after GC invocations=132 (full 0):
 garbage-first heap   total 1388544K, used 371031K [0x0000000600000000, 0x0000000800000000)
  region size 4096K, 11 young (45056K), 11 survivors (45056K)
 Metaspace       used 196578K, committed 199104K, reserved 1245184K
  class space    used 24884K, committed 26112K, reserved 1048576K
}
Event: 240.777 GC heap before
{Heap before GC invocations=133 (full 0):
 garbage-first heap   total 1204224K, used 1030487K [0x0000000600000000, 0x0000000800000000)
  region size 4096K, 176 young (720896K), 11 survivors (45056K)
 Metaspace       used 215702K, committed 218368K, reserved 1245184K
  class space    used 27688K, committed 28992K, reserved 1048576K
}
Event: 240.848 GC heap after
{Heap after GC invocations=134 (full 0):
 garbage-first heap   total 1204224K, used 369193K [0x0000000600000000, 0x0000000800000000)
  region size 4096K, 14 young (57344K), 14 survivors (57344K)
 Metaspace       used 215702K, committed 218368K, reserved 1245184K
  class space    used 27688K, committed 28992K, reserved 1048576K
}
Event: 249.975 GC heap before
{Heap before GC invocations=134 (full 0):
 garbage-first heap   total 1204224K, used 1028649K [0x0000000600000000, 0x0000000800000000)
  region size 4096K, 177 young (724992K), 14 survivors (57344K)
 Metaspace       used 215726K, committed 218368K, reserved 1245184K
  class space    used 27688K, committed 28992K, reserved 1048576K
}
Event: 250.064 GC heap after
{Heap after GC invocations=135 (full 0):
 garbage-first heap   total 1204224K, used 379976K [0x0000000600000000, 0x0000000800000000)
  region size 4096K, 12 young (49152K), 12 survivors (49152K)
 Metaspace       used 215726K, committed 218368K, reserved 1245184K
  class space    used 27688K, committed 28992K, reserved 1048576K
}
Event: 252.673 GC heap before
{Heap before GC invocations=135 (full 0):
 garbage-first heap   total 1204224K, used 1047624K [0x0000000600000000, 0x0000000800000000)
  region size 4096K, 177 young (724992K), 12 survivors (49152K)
 Metaspace       used 215747K, committed 218432K, reserved 1245184K
  class space    used 27688K, committed 28992K, reserved 1048576K
}
Event: 252.761 GC heap after
{Heap after GC invocations=136 (full 0):
 garbage-first heap   total 1204224K, used 407246K [0x0000000600000000, 0x0000000800000000)
  region size 4096K, 19 young (77824K), 19 survivors (77824K)
 Metaspace       used 215747K, committed 218432K, reserved 1245184K
  class space    used 27688K, committed 28992K, reserved 1048576K
}
Event: 254.410 GC heap before
{Heap before GC invocations=136 (full 0):
 garbage-first heap   total 1204224K, used 1046222K [0x0000000600000000, 0x0000000800000000)
  region size 4096K, 176 young (720896K), 19 survivors (77824K)
 Metaspace       used 215754K, committed 218432K, reserved 1245184K
  class space    used 27688K, committed 28992K, reserved 1048576K
}
Event: 254.493 GC heap after
{Heap after GC invocations=137 (full 0):
 garbage-first heap   total 1204224K, used 415091K [0x0000000600000000, 0x0000000800000000)
  region size 4096K, 11 young (45056K), 11 survivors (45056K)
 Metaspace       used 215754K, committed 218432K, reserved 1245184K
  class space    used 27688K, committed 28992K, reserved 1048576K
}
Event: 256.187 GC heap before
{Heap before GC invocations=138 (full 0):
 garbage-first heap   total 1204224K, used 1082739K [0x0000000600000000, 0x0000000800000000)
  region size 4096K, 175 young (716800K), 11 survivors (45056K)
 Metaspace       used 215756K, committed 218432K, reserved 1245184K
  class space    used 27688K, committed 28992K, reserved 1048576K
}
Event: 256.236 GC heap after
{Heap after GC invocations=139 (full 0):
 garbage-first heap   total 1204224K, used 418032K [0x0000000600000000, 0x0000000800000000)
  region size 4096K, 12 young (49152K), 12 survivors (49152K)
 Metaspace       used 215756K, committed 218432K, reserved 1245184K
  class space    used 27688K, committed 28992K, reserved 1048576K
}
Event: 257.566 GC heap before
{Heap before GC invocations=139 (full 0):
 garbage-first heap   total 1204224K, used 1077488K [0x0000000600000000, 0x0000000800000000)
  region size 4096K, 174 young (712704K), 12 survivors (49152K)
 Metaspace       used 215757K, committed 218432K, reserved 1245184K
  class space    used 27688K, committed 28992K, reserved 1048576K
}
Event: 257.616 GC heap after
{Heap after GC invocations=140 (full 0):
 garbage-first heap   total 1204224K, used 400302K [0x0000000600000000, 0x0000000800000000)
  region size 4096K, 11 young (45056K), 11 survivors (45056K)
 Metaspace       used 215757K, committed 218432K, reserved 1245184K
  class space    used 27688K, committed 28992K, reserved 1048576K
}
Event: 259.103 GC heap before
{Heap before GC invocations=140 (full 0):
 garbage-first heap   total 1204224K, used 1072046K [0x0000000600000000, 0x0000000800000000)
  region size 4096K, 176 young (720896K), 11 survivors (45056K)
 Metaspace       used 215762K, committed 218496K, reserved 1245184K
  class space    used 27688K, committed 28992K, reserved 1048576K
}
Event: 259.151 GC heap after
{Heap after GC invocations=141 (full 0):
 garbage-first heap   total 1204224K, used 396206K [0x0000000600000000, 0x0000000800000000)
  region size 4096K, 10 young (40960K), 10 survivors (40960K)
 Metaspace       used 215762K, committed 218496K, reserved 1245184K
  class space    used 27688K, committed 28992K, reserved 1048576K
}
Event: 262.117 GC heap before
{Heap before GC invocations=142 (full 0):
 garbage-first heap   total 1204224K, used 1072046K [0x0000000600000000, 0x0000000800000000)
  region size 4096K, 176 young (720896K), 10 survivors (40960K)
 Metaspace       used 215758K, committed 218496K, reserved 1245184K
  class space    used 27683K, committed 28992K, reserved 1048576K
}
Event: 262.163 GC heap after
{Heap after GC invocations=143 (full 0):
 garbage-first heap   total 1204224K, used 389849K [0x0000000600000000, 0x0000000800000000)
  region size 4096K, 9 young (36864K), 9 survivors (36864K)
 Metaspace       used 215758K, committed 218496K, reserved 1245184K
  class space    used 27683K, committed 28992K, reserved 1048576K
}
Event: 268.790 GC heap before
{Heap before GC invocations=143 (full 0):
 garbage-first heap   total 1204224K, used 1069785K [0x0000000600000000, 0x0000000800000000)
  region size 4096K, 176 young (720896K), 9 survivors (36864K)
 Metaspace       used 215821K, committed 218560K, reserved 1245184K
  class space    used 27686K, committed 28992K, reserved 1048576K
}

